<?xml version="1.0" encoding="UTF-8"?>
<testsuite xmlns:xsi="http://www.w3.org/2001/XMLSchema-instance" xsi:noNamespaceSchemaLocation="https://maven.apache.org/surefire/maven-surefire-plugin/xsd/surefire-test-report-3.0.xsd" version="3.0" name="com.example.AnimalTest" time="0.073" tests="8" errors="0" skipped="0" failures="0">
  <properties>
[...]
</properties>
  <testcase name="testGetFood[0]" classname="com.example.AnimalTest" time="0.005"/>
  <testcase name="testGetFamily[0]" classname="com.example.AnimalTest" time="0.0"/>
  <testcase name="testGetFood[1]" classname="com.example.AnimalTest" time="0.0"/>
  <testcase name="testGetFamily[1]" classname="com.example.AnimalTest" time="0.0"/>
  <testcase name="testGetFood[2]" classname="com.example.AnimalTest" time="0.001"/>
  <testcase name="testGetFamily[2]" classname="com.example.AnimalTest" time="0.0"/>
  <testcase name="testGetFood[3]" classname="com.example.AnimalTest" time="0.0"/>
  <testcase name="testGetFamily[3]" classname="com.example.AnimalTest" time="0.0"/>
</testsuite>